<?xml version="1.0" encoding="UTF-8"?>
<testng-results ignored="0" total="1" passed="1" failed="0" skipped="0">
  <reporter-output>
  </reporter-output>
  <suite started-at="2023-03-07T18:18:55 IST" name="Suite" finished-at="2023-03-07T18:19:05 IST" duration-ms="9477">
    <groups>
    </groups>
    <test started-at="2023-03-07T18:18:55 IST" name="Test" finished-at="2023-03-07T18:19:05 IST" duration-ms="9477">
      <class name="com.saucedemo.TestPack.TC01_VerfiyLoginFunctionality">
        <test-method is-config="true" signature="setUp(java.lang.String)[pri:0, instance:com.saucedemo.TestPack.TC01_VerfiyLoginFunctionality@243c4f91]" started-at="2023-03-07T18:18:55 IST" name="setUp" finished-at="2023-03-07T18:19:03 IST" duration-ms="7665" status="PASS">
          <params>
            <param index="0">
              <value>
                <![CDATA[firefox]]>
              </value>
            </param>
          </params>
          <reporter-output>
          </reporter-output>
        </test-method> <!-- setUp -->
        <test-method signature="verfiyLoginFunctionality()[pri:0, instance:com.saucedemo.TestPack.TC01_VerfiyLoginFunctionality@243c4f91]" started-at="2023-03-07T18:19:03 IST" name="verfiyLoginFunctionality" finished-at="2023-03-07T18:19:03 IST" duration-ms="20" status="PASS">
          <reporter-output>
          </reporter-output>
        </test-method> <!-- verfiyLoginFunctionality -->
        <test-method is-config="true" signature="tearDown()[pri:0, instance:com.saucedemo.TestPack.TC01_VerfiyLoginFunctionality@243c4f91]" started-at="2023-03-07T18:19:03 IST" name="tearDown" finished-at="2023-03-07T18:19:05 IST" duration-ms="1711" status="PASS">
          <reporter-output>
          </reporter-output>
        </test-method> <!-- tearDown -->
      </class> <!-- com.saucedemo.TestPack.TC01_VerfiyLoginFunctionality -->
    </test> <!-- Test -->
  </suite> <!-- Suite -->
</testng-results>
